<?xml version="1.0" encoding="UTF-8"?>
<testng-results skipped="0" failed="0" ignored="0" total="1" passed="1">
  <reporter-output>
  </reporter-output>
  <suite name="Suite1" duration-ms="25" started-at="2019-12-28T23:12:20 MST" finished-at="2019-12-28T23:12:20 MST">
    <groups>
    </groups>
    <test name="Nopackage" duration-ms="25" started-at="2019-12-28T23:12:20 MST" finished-at="2019-12-28T23:12:20 MST">
      <class name="testcase.DemoTest">
        <test-method status="PASS" signature="demoTest()[pri:0, instance:testcase.DemoTest@58651fd0]" name="demoTest" duration-ms="6" started-at="2019-12-28T23:12:20 MST" finished-at="2019-12-28T23:12:20 MST">
          <reporter-output>
          </reporter-output>
        </test-method> <!-- demoTest -->
      </class> <!-- testcase.DemoTest -->
    </test> <!-- Nopackage -->
  </suite> <!-- Suite1 -->
</testng-results>
